
  .   ____          _            __ _ _
 /\\ / ___'_ __ _ _(_)_ __  __ _ \ \ \ \
( ( )\___ | '_ | '_| | '_ \/ _` | \ \ \ \
 \\/  ___)| |_)| | | | | || (_| |  ) ) ) )
  '  |____| .__|_| |_|_| |_\__, | / / / /
 =========|_|==============|___/=/_/_/_/

 :: Spring Boot ::                (v3.5.3)

2026-02-16T22:57:05.504+05:30  INFO 36588 --- [hms] [           main] com.task.hms.HmsApplication              : Starting HmsApplication v0.0.1-SNAPSHOT using Java 17.0.16 with PID 36588 (/Users/raj/IdeaProjects/hms/target/hms-0.0.1-SNAPSHOT.jar started by raj in /Users/raj/IdeaProjects/hms)
2026-02-16T22:57:05.505+05:30  INFO 36588 --- [hms] [           main] com.task.hms.HmsApplication              : No active profile set, falling back to 1 default profile: "default"
2026-02-16T22:57:06.020+05:30  INFO 36588 --- [hms] [           main] .s.d.r.c.RepositoryConfigurationDelegate : Bootstrapping Spring Data JPA repositories in DEFAULT mode.
2026-02-16T22:57:06.060+05:30  INFO 36588 --- [hms] [           main] .s.d.r.c.RepositoryConfigurationDelegate : Finished Spring Data repository scanning in 36 ms. Found 22 JPA repository interfaces.
2026-02-16T22:57:06.325+05:30  INFO 36588 --- [hms] [           main] o.s.b.w.embedded.tomcat.TomcatWebServer  : Tomcat initialized with port 8080 (http)
2026-02-16T22:57:06.331+05:30  INFO 36588 --- [hms] [           main] o.apache.catalina.core.StandardService   : Starting service [Tomcat]
2026-02-16T22:57:06.331+05:30  INFO 36588 --- [hms] [           main] o.apache.catalina.core.StandardEngine    : Starting Servlet engine: [Apache Tomcat/10.1.42]
2026-02-16T22:57:06.343+05:30  INFO 36588 --- [hms] [           main] o.a.c.c.C.[Tomcat].[localhost].[/]       : Initializing Spring embedded WebApplicationContext
2026-02-16T22:57:06.343+05:30  INFO 36588 --- [hms] [           main] w.s.c.ServletWebServerApplicationContext : Root WebApplicationContext: initialization completed in 821 ms
2026-02-16T22:57:06.458+05:30  INFO 36588 --- [hms] [           main] o.hibernate.jpa.internal.util.LogHelper  : HHH000204: Processing PersistenceUnitInfo [name: default]
2026-02-16T22:57:06.495+05:30  INFO 36588 --- [hms] [           main] org.hibernate.Version                    : HHH000412: Hibernate ORM core version 6.4.4.Final
2026-02-16T22:57:06.518+05:30  INFO 36588 --- [hms] [           main] o.h.c.internal.RegionFactoryInitiator    : HHH000026: Second-level cache disabled
2026-02-16T22:57:06.650+05:30  INFO 36588 --- [hms] [           main] o.s.o.j.p.SpringPersistenceUnitInfo      : No LoadTimeWeaver setup: ignoring JPA class transformer
2026-02-16T22:57:06.666+05:30  INFO 36588 --- [hms] [           main] com.zaxxer.hikari.HikariDataSource       : HikariPool-1 - Starting...
2026-02-16T22:57:06.708+05:30  INFO 36588 --- [hms] [           main] com.zaxxer.hikari.pool.HikariPool        : HikariPool-1 - Added connection org.mariadb.jdbc.MariaDbConnection@74e4be21
2026-02-16T22:57:06.709+05:30  INFO 36588 --- [hms] [           main] com.zaxxer.hikari.HikariDataSource       : HikariPool-1 - Start completed.
2026-02-16T22:57:06.723+05:30  WARN 36588 --- [hms] [           main] org.hibernate.orm.deprecation            : HHH90000025: MariaDBDialect does not need to be specified explicitly using 'hibernate.dialect' (remove the property setting and it will be selected by default)
2026-02-16T22:57:07.319+05:30  INFO 36588 --- [hms] [           main] o.h.e.t.j.p.i.JtaPlatformInitiator       : HHH000489: No JTA platform available (set 'hibernate.transaction.jta.platform' to enable JTA platform integration)
2026-02-16T22:57:07.366+05:30  INFO 36588 --- [hms] [           main] j.LocalContainerEntityManagerFactoryBean : Initialized JPA EntityManagerFactory for persistence unit 'default'
2026-02-16T22:57:07.484+05:30  INFO 36588 --- [hms] [           main] o.s.d.j.r.query.QueryEnhancerFactory     : Hibernate is in classpath; If applicable, HQL parser will be used.
2026-02-16T22:57:07.957+05:30  INFO 36588 --- [hms] [           main] r$InitializeUserDetailsManagerConfigurer : Global AuthenticationManager configured with UserDetailsService bean with name customUserDetailsService
2026-02-16T22:57:08.010+05:30  WARN 36588 --- [hms] [           main] JpaBaseConfiguration$JpaWebConfiguration : spring.jpa.open-in-view is enabled by default. Therefore, database queries may be performed during view rendering. Explicitly configure spring.jpa.open-in-view to disable this warning
2026-02-16T22:57:08.206+05:30  INFO 36588 --- [hms] [           main] o.s.b.a.e.web.EndpointLinksResolver      : Exposing 13 endpoints beneath base path '/actuator'
2026-02-16T22:57:08.454+05:30  INFO 36588 --- [hms] [           main] o.s.b.w.embedded.tomcat.TomcatWebServer  : Tomcat started on port 8080 (http) with context path '/'
2026-02-16T22:57:08.474+05:30  INFO 36588 --- [hms] [           main] com.task.hms.HmsApplication              : Started HmsApplication in 3.12 seconds (process running for 3.311)
Hibernate: select r1_0.id,r1_0.name from roles r1_0 where r1_0.name=?
Hibernate: select r1_0.id,r1_0.name from roles r1_0 where r1_0.name=?
Hibernate: select r1_0.id,r1_0.name from roles r1_0 where r1_0.name=?
Hibernate: select r1_0.id,r1_0.name from roles r1_0 where r1_0.name=?
Hibernate: select r1_0.id,r1_0.name from roles r1_0 where r1_0.name=?
Hibernate: select r1_0.id,r1_0.name from roles r1_0 where r1_0.name=?
Hibernate: select r1_0.id,r1_0.name from roles r1_0 where r1_0.name=?
Hibernate: select u1_0.id from users u1_0 where u1_0.username=? limit ?
Hibernate: select u1_0.id from users u1_0 where u1_0.username=? limit ?
Hibernate: select r1_0.id,r1_0.name from roles r1_0 where r1_0.name=?
Hibernate: select r1_0.id,r1_0.name from roles r1_0 where r1_0.name=?
Hibernate: select r1_0.id,r1_0.name from roles r1_0 where r1_0.name=?
Hibernate: select r1_0.id,r1_0.name from roles r1_0 where r1_0.name=?
Hibernate: select r1_0.id,r1_0.name from roles r1_0 where r1_0.name=?
Hibernate: select r1_0.id,r1_0.name from roles r1_0 where r1_0.name=?
Hibernate: select r1_0.id,r1_0.name from roles r1_0 where r1_0.name=?
Hibernate: select count(*) from medicine m1_0
Hibernate: select fac1_0.id,fac1_0.amount,fac1_0.description,fac1_0.type from fee_and_charges fac1_0 where fac1_0.type=?
Hibernate: select fac1_0.id,fac1_0.amount,fac1_0.description,fac1_0.type from fee_and_charges fac1_0 where fac1_0.type=?
Hibernate: select fac1_0.id,fac1_0.amount,fac1_0.description,fac1_0.type from fee_and_charges fac1_0 where fac1_0.type=?
2026-02-16T22:57:35.239+05:30  INFO 36588 --- [hms] [nio-8080-exec-1] o.a.c.c.C.[Tomcat].[localhost].[/]       : Initializing Spring DispatcherServlet 'dispatcherServlet'
2026-02-16T22:57:35.239+05:30  INFO 36588 --- [hms] [nio-8080-exec-1] o.s.web.servlet.DispatcherServlet        : Initializing Servlet 'dispatcherServlet'
2026-02-16T22:57:35.240+05:30  INFO 36588 --- [hms] [nio-8080-exec-1] o.s.web.servlet.DispatcherServlet        : Completed initialization in 1 ms
Hibernate: select p1_0.id,p1_0.address,p1_0.age,p1_0.contact,p1_0.email,p1_0.gender,p1_0.name,p1_0.patient_id,p1_0.photo_url from patients p1_0 where p1_0.email=?
Hibernate: select p1_0.id,p1_0.address,p1_0.age,p1_0.contact,p1_0.email,p1_0.gender,p1_0.name,p1_0.patient_id,p1_0.photo_url from patients p1_0 where p1_0.contact=?
Hibernate: insert into patients (address,age,contact,email,gender,name,patient_id,photo_url) values (?,?,?,?,?,?,?,?)
Hibernate: select u1_0.id,u1_0.email,u1_0.password,r1_0.user_id,r1_1.id,r1_1.name,u1_0.username from users u1_0 left join user_roles r1_0 on u1_0.id=r1_0.user_id left join roles r1_1 on r1_1.id=r1_0.role_id where u1_0.id=?
Failed to send confirmation email: Authentication failed
Hibernate: insert into appointments (appointment_date,appointment_time,created_at,doctor_id,doctor_name,notes,patient_id,reason,reminder_sent,source,status,updated_at) values (?,?,?,?,?,?,?,?,?,?,?,?)
Hibernate: select a1_0.id,a1_0.appointment_date,a1_0.appointment_time,a1_0.created_at,a1_0.doctor_id,a1_0.doctor_name,a1_0.notes,a1_0.patient_id,a1_0.reason,a1_0.reminder_sent,a1_0.source,a1_0.status,a1_0.updated_at from appointments a1_0
Hibernate: select a1_0.id,a1_0.appointment_date,a1_0.appointment_time,a1_0.created_at,a1_0.doctor_id,a1_0.doctor_name,a1_0.notes,a1_0.patient_id,a1_0.reason,a1_0.reminder_sent,a1_0.source,a1_0.status,a1_0.updated_at from appointments a1_0
Hibernate: select u1_0.id,u1_0.email,u1_0.password,u1_0.username from users u1_0 join user_roles r1_0 on u1_0.id=r1_0.user_id join roles r1_1 on r1_1.id=r1_0.role_id where r1_1.name=?
Hibernate: select r1_0.user_id,r1_1.id,r1_1.name from user_roles r1_0 join roles r1_1 on r1_1.id=r1_0.role_id where r1_0.user_id=?
Hibernate: select u1_0.id,u1_0.email,u1_0.password,u1_0.username from users u1_0 join user_roles r1_0 on u1_0.id=r1_0.user_id join roles r1_1 on r1_1.id=r1_0.role_id where r1_1.name=?
Hibernate: select r1_0.user_id,r1_1.id,r1_1.name from user_roles r1_0 join roles r1_1 on r1_1.id=r1_0.role_id where r1_0.user_id=?
Hibernate: select u1_0.id,u1_0.email,u1_0.password,u1_0.username from users u1_0 join user_roles r1_0 on u1_0.id=r1_0.user_id join roles r1_1 on r1_1.id=r1_0.role_id where r1_1.name=?
Hibernate: select r1_0.user_id,r1_1.id,r1_1.name from user_roles r1_0 join roles r1_1 on r1_1.id=r1_0.role_id where r1_0.user_id=?
Hibernate: select u1_0.id,u1_0.email,u1_0.password,u1_0.username from users u1_0 join user_roles r1_0 on u1_0.id=r1_0.user_id join roles r1_1 on r1_1.id=r1_0.role_id where r1_1.name=?
Hibernate: select r1_0.user_id,r1_1.id,r1_1.name from user_roles r1_0 join roles r1_1 on r1_1.id=r1_0.role_id where r1_0.user_id=?
Hibernate: select u1_0.id,u1_0.email,u1_0.password,u1_0.username from users u1_0 join user_roles r1_0 on u1_0.id=r1_0.user_id join roles r1_1 on r1_1.id=r1_0.role_id where r1_1.name=?
Hibernate: select r1_0.user_id,r1_1.id,r1_1.name from user_roles r1_0 join roles r1_1 on r1_1.id=r1_0.role_id where r1_0.user_id=?
Hibernate: select u1_0.id,u1_0.email,u1_0.password,u1_0.username from users u1_0 join user_roles r1_0 on u1_0.id=r1_0.user_id join roles r1_1 on r1_1.id=r1_0.role_id where r1_1.name=?
Hibernate: select r1_0.user_id,r1_1.id,r1_1.name from user_roles r1_0 join roles r1_1 on r1_1.id=r1_0.role_id where r1_0.user_id=?
Hibernate: select u1_0.id,u1_0.email,u1_0.password,u1_0.username from users u1_0 join user_roles r1_0 on u1_0.id=r1_0.user_id join roles r1_1 on r1_1.id=r1_0.role_id where r1_1.name=?
Hibernate: select r1_0.user_id,r1_1.id,r1_1.name from user_roles r1_0 join roles r1_1 on r1_1.id=r1_0.role_id where r1_0.user_id=?
2026-02-17T00:52:38.163+05:30  WARN 36588 --- [hms] [l-1:housekeeper] com.zaxxer.hikari.pool.HikariPool        : HikariPool-1 - Thread starvation or clock leap detected (housekeeper delta=15m46s963ms).
2026-02-17T01:08:49.407+05:30  WARN 36588 --- [hms] [l-1:housekeeper] com.zaxxer.hikari.pool.HikariPool        : HikariPool-1 - Thread starvation or clock leap detected (housekeeper delta=16m11s247ms).
2026-02-17T02:00:45.758+05:30  WARN 36588 --- [hms] [l-1:housekeeper] com.zaxxer.hikari.pool.HikariPool        : HikariPool-1 - Thread starvation or clock leap detected (housekeeper delta=51m56s350ms).
2026-02-17T03:23:32.855+05:30  WARN 36588 --- [hms] [l-1:housekeeper] com.zaxxer.hikari.pool.HikariPool        : HikariPool-1 - Thread starvation or clock leap detected (housekeeper delta=1h22m47s96ms).
2026-02-17T03:39:40.070+05:30  WARN 36588 --- [hms] [l-1:housekeeper] com.zaxxer.hikari.pool.HikariPool        : HikariPool-1 - Thread starvation or clock leap detected (housekeeper delta=15m37s202ms).
2026-02-17T03:56:45.740+05:30  WARN 36588 --- [hms] [l-1:housekeeper] com.zaxxer.hikari.pool.HikariPool        : HikariPool-1 - Thread starvation or clock leap detected (housekeeper delta=16m35s665ms).
2026-02-17T04:02:13.711+05:30  WARN 36588 --- [hms] [l-1:housekeeper] com.zaxxer.hikari.pool.HikariPool        : HikariPool-1 - Thread starvation or clock leap detected (housekeeper delta=4m57s959ms).
2026-02-17T04:52:58.978+05:30  WARN 36588 --- [hms] [l-1:housekeeper] com.zaxxer.hikari.pool.HikariPool        : HikariPool-1 - Thread starvation or clock leap detected (housekeeper delta=50m45s264ms).
2026-02-17T05:03:10.652+05:30  WARN 36588 --- [hms] [l-1:housekeeper] com.zaxxer.hikari.pool.HikariPool        : HikariPool-1 - Thread starvation or clock leap detected (housekeeper delta=10m11s677ms).
2026-02-17T05:16:36.103+05:30  WARN 36588 --- [hms] [l-1:housekeeper] com.zaxxer.hikari.pool.HikariPool        : HikariPool-1 - Thread starvation or clock leap detected (housekeeper delta=13m25s451ms).
2026-02-17T06:03:55.934+05:30  WARN 36588 --- [hms] [l-1:housekeeper] com.zaxxer.hikari.pool.HikariPool        : HikariPool-1 - Thread starvation or clock leap detected (housekeeper delta=46m49s817ms).
2026-02-17T07:04:52.915+05:30  WARN 36588 --- [hms] [l-1:housekeeper] com.zaxxer.hikari.pool.HikariPool        : HikariPool-1 - Thread starvation or clock leap detected (housekeeper delta=1h26s965ms).
2026-02-17T07:26:35.799+05:30  WARN 36588 --- [hms] [l-1:housekeeper] com.zaxxer.hikari.pool.HikariPool        : HikariPool-1 - Thread starvation or clock leap detected (housekeeper delta=21m12s874ms).
2026-02-17T07:27:30.683+05:30  WARN 36588 --- [hms] [l-1:housekeeper] com.zaxxer.hikari.pool.HikariPool        : HikariPool-1 - Thread starvation or clock leap detected (housekeeper delta=54s886ms).
Hibernate: select a1_0.id,a1_0.appointment_date,a1_0.appointment_time,a1_0.created_at,a1_0.doctor_id,a1_0.doctor_name,a1_0.notes,a1_0.patient_id,a1_0.reason,a1_0.reminder_sent,a1_0.source,a1_0.status,a1_0.updated_at from appointments a1_0 where a1_0.doctor_id=? and a1_0.appointment_date=?
Hibernate: select p1_0.id,p1_0.address,p1_0.age,p1_0.contact,p1_0.email,p1_0.gender,p1_0.name,p1_0.patient_id,p1_0.photo_url from patients p1_0 where p1_0.email=?
Hibernate: select p1_0.id,p1_0.address,p1_0.age,p1_0.contact,p1_0.email,p1_0.gender,p1_0.name,p1_0.patient_id,p1_0.photo_url from patients p1_0 where p1_0.contact=?
Hibernate: insert into patients (address,age,contact,email,gender,name,patient_id,photo_url) values (?,?,?,?,?,?,?,?)
Hibernate: select u1_0.id,u1_0.email,u1_0.password,r1_0.user_id,r1_1.id,r1_1.name,u1_0.username from users u1_0 left join user_roles r1_0 on u1_0.id=r1_0.user_id left join roles r1_1 on r1_1.id=r1_0.role_id where u1_0.id=?
Failed to send confirmation email: Authentication failed
Hibernate: insert into appointments (appointment_date,appointment_time,created_at,doctor_id,doctor_name,notes,patient_id,reason,reminder_sent,source,status,updated_at) values (?,?,?,?,?,?,?,?,?,?,?,?)
Hibernate: select u1_0.id,u1_0.email,u1_0.password,u1_0.username from users u1_0 where u1_0.username=?
Hibernate: select r1_0.user_id,r1_1.id,r1_1.name from user_roles r1_0 join roles r1_1 on r1_1.id=r1_0.role_id where r1_0.user_id=?
[JwtAuthFilter] Incoming request: GET /api/pharmacy/batches/expiring | Content-Type: null
[JwtAuthFilter] No authentication set for user: null
[JwtAuthFilter] Incoming request: GET /api/pharmacy/batches/low-stock | Content-Type: null
[JwtAuthFilter] No authentication set for user: null
Hibernate: select b1_0.id,b1_0.bill_type,b1_0.paid_amount,b1_0.patient_id,b1_0.status,b1_0.total_amount,b1_0.walk_in_patient_id from bill b1_0
Hibernate: select mb1_0.id,mb1_0.batch_number,mb1_0.created_at,mb1_0.expiry_date,mb1_0.medicine_id,mb1_0.purchase_price,mb1_0.quantity,mb1_0.sale_price from medicine_batch mb1_0 where mb1_0.expiry_date<?
Hibernate: select mb1_0.id,mb1_0.batch_number,mb1_0.created_at,mb1_0.expiry_date,mb1_0.medicine_id,mb1_0.purchase_price,mb1_0.quantity,mb1_0.sale_price from medicine_batch mb1_0 where mb1_0.quantity<?
Hibernate: select b1_0.id,b1_0.bill_type,b1_0.paid_amount,b1_0.patient_id,b1_0.status,b1_0.total_amount,b1_0.walk_in_patient_id from bill b1_0
Hibernate: select b1_0.id,b1_0.bill_type,b1_0.paid_amount,b1_0.patient_id,b1_0.status,b1_0.total_amount,b1_0.walk_in_patient_id from bill b1_0
Hibernate: select p1_0.id,p1_0.address,p1_0.age,p1_0.contact,p1_0.email,p1_0.gender,p1_0.name,p1_0.patient_id,p1_0.photo_url from patients p1_0
Hibernate: select a1_0.id,a1_0.appointment_date,a1_0.appointment_time,a1_0.created_at,a1_0.doctor_id,a1_0.doctor_name,a1_0.notes,a1_0.patient_id,a1_0.reason,a1_0.reminder_sent,a1_0.source,a1_0.status,a1_0.updated_at from appointments a1_0
Hibernate: select c1_0.id,c1_0.appointment_id,c1_0.bill_id,c1_0.consultation_time,c1_0.diagnosis,c1_0.doctor_name,c1_0.fee,c1_0.follow_up_date,c1_0.notes,c1_0.prescription,c1_0.prescription_status,c1_0.symptoms from consultations c1_0
[JwtAuthFilter] Incoming request: GET /api/pharmacy/batches/low-stock | Content-Type: null
[JwtAuthFilter] No authentication set for user: null
[JwtAuthFilter] Incoming request: GET /api/pharmacy/batches/expiring | Content-Type: null
[JwtAuthFilter] No authentication set for user: null
Hibernate: select mb1_0.id,mb1_0.batch_number,mb1_0.created_at,mb1_0.expiry_date,mb1_0.medicine_id,mb1_0.purchase_price,mb1_0.quantity,mb1_0.sale_price from medicine_batch mb1_0 where mb1_0.quantity<?
Hibernate: select mb1_0.id,mb1_0.batch_number,mb1_0.created_at,mb1_0.expiry_date,mb1_0.medicine_id,mb1_0.purchase_price,mb1_0.quantity,mb1_0.sale_price from medicine_batch mb1_0 where mb1_0.expiry_date<?
Hibernate: select b1_0.id,b1_0.bill_type,b1_0.paid_amount,b1_0.patient_id,b1_0.status,b1_0.total_amount,b1_0.walk_in_patient_id from bill b1_0
Hibernate: select p1_0.id,p1_0.address,p1_0.age,p1_0.contact,p1_0.email,p1_0.gender,p1_0.name,p1_0.patient_id,p1_0.photo_url from patients p1_0 where p1_0.id=?
Hibernate: select c1_0.id,c1_0.appointment_id,c1_0.bill_id,c1_0.consultation_time,c1_0.diagnosis,c1_0.doctor_name,c1_0.fee,c1_0.follow_up_date,c1_0.notes,c1_0.prescription,c1_0.prescription_status,c1_0.symptoms from consultations c1_0
[JwtAuthFilter] Incoming request: GET /api/pharmacy/batches/expiring | Content-Type: null
[JwtAuthFilter] No authentication set for user: null
[JwtAuthFilter] Incoming request: GET /api/pharmacy/batches/low-stock | Content-Type: null
[JwtAuthFilter] No authentication set for user: null
Hibernate: select b1_0.id,b1_0.bill_type,b1_0.paid_amount,b1_0.patient_id,b1_0.status,b1_0.total_amount,b1_0.walk_in_patient_id from bill b1_0
Hibernate: select u1_0.id,u1_0.email,u1_0.password,r1_0.user_id,r1_1.id,r1_1.name,u1_0.username from users u1_0 left join user_roles r1_0 on u1_0.id=r1_0.user_id left join roles r1_1 on r1_1.id=r1_0.role_id where u1_0.id=?
Hibernate: select mb1_0.id,mb1_0.batch_number,mb1_0.created_at,mb1_0.expiry_date,mb1_0.medicine_id,mb1_0.purchase_price,mb1_0.quantity,mb1_0.sale_price from medicine_batch mb1_0 where mb1_0.expiry_date<?
Hibernate: select p1_0.id,p1_0.address,p1_0.age,p1_0.contact,p1_0.email,p1_0.gender,p1_0.name,p1_0.patient_id,p1_0.photo_url from patients p1_0
Hibernate: select mb1_0.id,mb1_0.batch_number,mb1_0.created_at,mb1_0.expiry_date,mb1_0.medicine_id,mb1_0.purchase_price,mb1_0.quantity,mb1_0.sale_price from medicine_batch mb1_0 where mb1_0.quantity<?
Hibernate: select p1_0.id,p1_0.address,p1_0.age,p1_0.contact,p1_0.email,p1_0.gender,p1_0.name,p1_0.patient_id,p1_0.photo_url from patients p1_0 where p1_0.id=?
Hibernate: select b1_0.id,b1_0.bill_type,b1_0.paid_amount,b1_0.patient_id,b1_0.status,b1_0.total_amount,b1_0.walk_in_patient_id from bill b1_0
[JwtAuthFilter] Incoming request: GET /api/pharmacy/batches/low-stock | Content-Type: null
[JwtAuthFilter] No authentication set for user: null
[JwtAuthFilter] Incoming request: GET /api/pharmacy/batches/expiring | Content-Type: null
[JwtAuthFilter] No authentication set for user: null
Hibernate: select mb1_0.id,mb1_0.batch_number,mb1_0.created_at,mb1_0.expiry_date,mb1_0.medicine_id,mb1_0.purchase_price,mb1_0.quantity,mb1_0.sale_price from medicine_batch mb1_0 where mb1_0.quantity<?
Hibernate: select mb1_0.id,mb1_0.batch_number,mb1_0.created_at,mb1_0.expiry_date,mb1_0.medicine_id,mb1_0.purchase_price,mb1_0.quantity,mb1_0.sale_price from medicine_batch mb1_0 where mb1_0.expiry_date<?
Hibernate: select a1_0.id,a1_0.appointment_date,a1_0.appointment_time,a1_0.created_at,a1_0.doctor_id,a1_0.doctor_name,a1_0.notes,a1_0.patient_id,a1_0.reason,a1_0.reminder_sent,a1_0.source,a1_0.status,a1_0.updated_at from appointments a1_0
Hibernate: select p1_0.id,p1_0.address,p1_0.age,p1_0.contact,p1_0.email,p1_0.gender,p1_0.name,p1_0.patient_id,p1_0.photo_url from patients p1_0 where p1_0.id=?
[JwtAuthFilter] Incoming request: GET /api/pharmacy/batches/low-stock | Content-Type: null
[JwtAuthFilter] No authentication set for user: null
[JwtAuthFilter] Incoming request: GET /api/pharmacy/batches/expiring | Content-Type: null
[JwtAuthFilter] No authentication set for user: null
Hibernate: select u1_0.id,u1_0.email,u1_0.password,r1_0.user_id,r1_1.id,r1_1.name,u1_0.username from users u1_0 left join user_roles r1_0 on u1_0.id=r1_0.user_id left join roles r1_1 on r1_1.id=r1_0.role_id where u1_0.id=?
Hibernate: select mb1_0.id,mb1_0.batch_number,mb1_0.created_at,mb1_0.expiry_date,mb1_0.medicine_id,mb1_0.purchase_price,mb1_0.quantity,mb1_0.sale_price from medicine_batch mb1_0 where mb1_0.quantity<?
Hibernate: select mb1_0.id,mb1_0.batch_number,mb1_0.created_at,mb1_0.expiry_date,mb1_0.medicine_id,mb1_0.purchase_price,mb1_0.quantity,mb1_0.sale_price from medicine_batch mb1_0 where mb1_0.expiry_date<?
Hibernate: select p1_0.id,p1_0.address,p1_0.age,p1_0.contact,p1_0.email,p1_0.gender,p1_0.name,p1_0.patient_id,p1_0.photo_url from patients p1_0 where p1_0.id=?
[JwtAuthFilter] Incoming request: GET /api/pharmacy/batches/low-stock | Content-Type: null
[JwtAuthFilter] No authentication set for user: null
[JwtAuthFilter] Incoming request: GET /api/pharmacy/batches/expiring | Content-Type: null
[JwtAuthFilter] No authentication set for user: null
Hibernate: select mb1_0.id,mb1_0.batch_number,mb1_0.created_at,mb1_0.expiry_date,mb1_0.medicine_id,mb1_0.purchase_price,mb1_0.quantity,mb1_0.sale_price from medicine_batch mb1_0 where mb1_0.expiry_date<?
Hibernate: select mb1_0.id,mb1_0.batch_number,mb1_0.created_at,mb1_0.expiry_date,mb1_0.medicine_id,mb1_0.purchase_price,mb1_0.quantity,mb1_0.sale_price from medicine_batch mb1_0 where mb1_0.quantity<?
